[2017-04-26 03:22:58] activity.INFO: User entered landing page [] []
[2017-04-26 03:23:42] activity.INFO: User entered landing page [] []
[2017-04-26 03:24:07] activity.INFO: User entered landing page [] []
[2017-04-26 03:24:16] activity.INFO: User entered edit page [] []
[2017-04-26 03:27:01] activity.INFO: User entered edit page [] []
[2017-04-26 03:27:18] activity.INFO: User entered edit page [] []
[2017-04-26 03:28:17] activity.INFO: User entered edit page [] []
[2017-04-26 03:30:54] activity.INFO: User entered edit page [] []
[2017-04-26 03:31:41] activity.INFO: User entered edit page [] []
[2017-04-26 03:32:44] activity.INFO: User entered edit page [] []
[2017-04-26 03:34:05] activity.INFO: User entered edit page [] []
[2017-04-26 03:35:54] activity.INFO: User entered edit page [] []
[2017-04-26 03:37:01] activity.INFO: User entered edit page [] []
[2017-04-26 03:38:13] activity.INFO: User entered edit page [] []
[2017-04-26 03:50:00] activity.INFO: User entered edit page [] []
[2017-04-26 03:52:56] activity.INFO: User entered edit page [] []
[2017-04-26 03:53:26] activity.INFO: User entered edit page [] []
[2017-04-26 03:54:11] activity.INFO: User entered edit page [] []
[2017-04-26 03:55:27] activity.INFO: User entered edit page [] []
[2017-04-26 03:57:18] activity.INFO: User entered edit page [] []
[2017-04-26 03:58:36] activity.INFO: User entered edit page [] []
[2017-04-26 03:59:01] activity.INFO: User entered edit page [] []
[2017-04-26 04:12:59] activity.INFO: User entered edit page [] []
[2017-04-26 05:24:15] activity.INFO: User entered edit page [] []
[2017-04-26 05:26:07] activity.INFO: User entered edit page [] []
[2017-04-26 05:26:46] activity.INFO: User entered edit page [] []
[2017-04-26 05:27:24] activity.INFO: User entered edit page [] []
[2017-04-26 05:29:56] activity.INFO: User entered edit page [] []
[2017-04-26 06:25:58] activity.INFO: User entered edit page [] []
[2017-04-26 06:35:16] activity.INFO: User entered edit page [] []
[2017-04-26 06:51:33] activity.INFO: User entered edit page [] []
[2017-04-26 06:51:44] activity.INFO: User entered edit page [] []
[2017-04-26 06:52:02] activity.INFO: User entered edit page [] []
[2017-04-26 06:52:10] activity.INFO: User entered edit page [] []
[2017-04-26 11:08:18] activity.INFO: User entered landing page [] []
[2017-04-26 11:08:24] activity.INFO: User entered edit page [] []
[2017-04-26 11:09:50] activity.INFO: User entered edit page [] []
[2017-04-26 11:11:32] activity.INFO: User entered edit page [] []
[2017-04-26 11:13:17] activity.INFO: User entered edit page [] []
[2017-04-26 11:13:34] activity.INFO: User entered edit page [] []
[2017-04-26 11:15:17] activity.INFO: User entered edit page [] []
[2017-04-26 11:39:01] activity.INFO: User entered edit page [] []
[2017-04-26 11:39:29] activity.INFO: User entered edit page [] []
[2017-04-26 11:39:47] activity.INFO: User entered edit page [] []
[2017-04-26 11:40:08] activity.INFO: User entered edit page [] []
[2017-04-26 11:44:16] activity.INFO: User entered edit page [] []
[2017-04-26 11:44:38] activity.INFO: User entered edit page [] []
[2017-04-26 11:44:59] activity.INFO: User entered edit page [] []
[2017-04-26 11:45:17] activity.INFO: User entered edit page [] []
[2017-04-26 11:48:04] activity.INFO: User entered edit page [] []
[2017-04-26 11:49:28] activity.INFO: User entered edit page [] []
[2017-04-26 11:53:54] activity.INFO: User entered edit page [] []
[2017-04-26 11:56:59] activity.INFO: User entered landing page [] []
[2017-04-26 20:55:57] activity.INFO: User entered edit page [] []
[2017-04-26 20:56:53] activity.INFO: User entered edit page [] []
[2017-04-26 20:57:01] activity.INFO: User entered read page [] []
[2017-04-26 20:57:10] activity.INFO: User entered landing page [] []
[2017-04-26 20:57:17] activity.INFO: User entered read page [] []
[2017-04-26 20:57:23] activity.INFO: User entered landing page [] []
[2017-04-26 20:58:24] activity.INFO: User entered edit page [] []
[2017-04-26 20:58:30] activity.INFO: User entered landing page [] []
[2017-04-26 20:58:37] activity.INFO: User entered edit page [] []
[2017-04-26 21:01:43] activity.INFO: User entered edit page [] []
[2017-04-26 21:04:11] activity.INFO: User entered edit page [] []
[2017-04-26 21:06:15] activity.INFO: User entered edit page [] []
[2017-04-26 21:07:35] activity.INFO: User entered edit page [] []
[2017-04-26 21:07:37] activity.INFO: User entered landing page [] []
[2017-04-26 21:07:41] activity.INFO: User entered edit page [] []
[2017-04-26 21:08:48] activity.INFO: User entered edit page [] []
[2017-04-26 21:09:05] activity.INFO: User entered edit page [] []
[2017-04-26 21:09:08] activity.INFO: User entered edit page [] []
[2017-04-26 21:10:32] activity.INFO: User entered edit page [] []
[2017-04-26 21:10:53] activity.INFO: User entered edit page [] []
[2017-04-26 21:10:56] activity.INFO: User entered landing page [] []
[2017-04-26 21:11:01] activity.INFO: User entered edit page [] []
[2017-04-26 21:22:35] activity.INFO: User entered read page [] []
[2017-04-26 21:23:00] activity.INFO: User entered landing page [] []
[2017-04-26 21:25:14] activity.INFO: User entered edit page [] []
[2017-04-26 21:25:31] activity.INFO: User entered landing page [] []
[2017-04-26 21:25:39] activity.INFO: User entered edit page [] []
[2017-04-26 23:15:08] activity.INFO: User entered landing page [] []
[2017-04-26 22:00:09] activity.INFO: User entered landing page [] []
[2017-04-26 22:01:19] activity.INFO: User entered edit page [] []
[2017-04-26 22:01:35] activity.INFO: User entered landing page [] []
[2017-04-26 22:01:40] activity.INFO: User entered edit page [] []
[2017-04-26 22:03:29] activity.INFO: User entered edit page [] []
[2017-04-26 22:03:31] activity.INFO: User entered landing page [] []
[2017-04-26 22:05:19] activity.INFO: User entered landing page [] []
[2017-04-26 22:07:33] activity.INFO: User entered landing page [] []
[2017-04-26 22:11:56] activity.INFO: User entered landing page [] []
[2017-04-27 02:31:46] activity.INFO: User entered landing page [] []
[2017-04-27 02:46:10] activity.INFO: User entered landing page [] []
[2017-04-27 02:49:50] activity.INFO: User entered edit page [] []
[2017-04-27 02:50:54] activity.INFO: User entered landing page [] []
[2017-04-27 02:51:08] activity.INFO: User entered edit page [] []
[2017-04-27 02:51:56] activity.INFO: User entered edit page [] []
[2017-04-27 02:51:58] activity.INFO: User entered landing page [] []
[2017-04-27 02:52:09] activity.INFO: User entered edit page [] []
[2017-04-27 02:52:36] activity.INFO: User entered landing page [] []
[2017-04-27 02:52:44] activity.INFO: User entered edit page [] []
[2017-04-27 02:52:50] activity.INFO: User entered landing page [] []
[2017-04-27 02:52:55] activity.INFO: User entered edit page [] []
[2017-04-27 03:06:55] activity.INFO: User entered landing page [] []
[2017-04-27 03:15:50] activity.INFO: User entered landing page [] []
[2017-04-27 03:15:59] activity.INFO: User entered edit page [] []
[2017-04-27 03:18:03] activity.INFO: User entered edit page [] []
[2017-04-27 03:18:38] activity.INFO: User entered edit page [] []
[2017-04-27 03:22:31] activity.INFO: User entered edit page [] []
[2017-04-27 03:27:28] activity.INFO: User entered edit page [] []
[2017-04-27 04:19:56] activity.INFO: User entered landing page [] []
[2017-04-27 04:20:03] activity.INFO: User entered edit page [] []
[2017-04-27 04:20:50] activity.INFO: User entered edit page [] []
[2017-04-27 04:22:04] activity.INFO: User entered edit page [] []
[2017-04-27 04:23:28] activity.INFO: User entered edit page [] []
[2017-04-27 04:28:48] activity.INFO: User entered edit page [] []
[2017-04-27 04:30:20] activity.INFO: User entered edit page [] []
[2017-04-27 04:30:39] activity.INFO: User entered edit page [] []
[2017-04-27 04:31:45] activity.INFO: User entered edit page [] []
[2017-04-27 07:17:46] activity.INFO: User ::1 entered landing page [] []
[2017-04-27 07:17:50] activity.INFO: ::1: entered edit page for sheet12345674 [] []
[2017-04-27 07:18:14] activity.INFO: ::1: entered edit page for sheet12345674 [] []
[2017-04-27 07:18:25] activity.INFO: ::1: entered edit page for sheet12345674 [] []
[2017-04-27 07:18:27] activity.INFO: User ::1 entered landing page [] []
[2017-04-27 07:18:29] activity.INFO: User ::1 entered landing page [] []
[2017-04-27 07:18:32] activity.INFO: ::1: entered edit page for sheet12345674 [] []
[2017-04-27 07:18:46] activity.INFO: User ::1 entered landing page [] []
[2017-04-27 07:18:47] activity.INFO: User ::1 entered landing page [] []
[2017-04-27 07:18:52] activity.INFO: ::1: entered edit page for sheet12345674 [] []
[2017-04-27 07:23:55] activity.INFO: User ::1 entered landing page [] []
[2017-04-27 07:23:56] activity.INFO: User ::1 entered landing page [] []
[2017-04-27 07:24:04] activity.INFO: ::1: entered edit page for sheet12345674 [] []
[2017-04-27 07:24:30] activity.INFO: ::1: entered edit page for sheet12345674 [] []
[2017-04-27 07:24:38] activity.INFO: ::1: entered edit page for sheet12345674 [] []
[2017-04-27 07:24:48] activity.INFO: ::1: entered edit page for sheet12345674 [] []
[2017-04-27 07:26:25] activity.INFO: ::1: entered edit page for sheet12345674 [] []
[2017-04-27 07:29:05] activity.INFO: ::1: entered edit page for sheet12345674 [] []
[2017-04-27 07:29:08] activity.INFO: User ::1 entered landing page [] []
[2017-04-27 07:29:14] activity.INFO: ::1: entered edit page for sheet12345674 [] []
[2017-04-27 07:29:25] activity.INFO: ::1: entered edit page for sheet12345674 [] []
[2017-04-27 07:31:14] activity.INFO: ::1: entered edit page for sheet12345674 [] []
[2017-04-27 07:31:35] activity.INFO: ::1: entered edit page for sheet12345674 [] []
[2017-04-27 07:31:50] activity.INFO: ::1: entered edit page for sheet12345674 [] []
[2017-04-27 07:32:40] activity.INFO: User ::1 entered landing page [] []
[2017-04-27 07:32:42] activity.INFO: ::1: entered read page for sheet12345671 [] []
[2017-04-27 07:32:58] activity.INFO: ::1: accessed file 12345678 [] []
[2017-04-27 04:31:45] activity.INFO: User entered edit page [] []

[2017-04-27 07:49:00] activity.INFO: ::1: entered edit page for sheet5b1e1cd0 [] []
[2017-04-27 07:50:27] activity.INFO: ::1: entered edit page for sheet5b1e1cd0 [] []
[2017-04-27 07:50:45] activity.INFO: ::1: entered edit page for sheet5b1e1cd0 [] []
[2017-04-27 07:50:55] activity.INFO: User ::1 entered landing page [] []
[2017-04-27 07:51:02] activity.INFO: ::1: entered edit page for sheet5b1e1cd0 [] []
[2017-04-27 07:51:39] activity.INFO: ::1: entered edit page for sheet5b1e1cd0 [] []
[2017-04-27 07:52:43] activity.INFO: ::1: entered edit page for sheet5b1e1cd0 [] []
[2017-04-27 07:52:45] activity.INFO: ::1: entered edit page for sheet5b1e1cd0 [] []
[2017-04-27 07:52:58] activity.INFO: User ::1 entered landing page [] []
[2017-04-27 07:53:14] activity.INFO: User ::1 entered landing page [] []
[2017-04-27 07:53:20] activity.INFO: ::1: entered edit page for sheet5b1e1cd0 [] []
[2017-04-27 07:54:54] activity.INFO: ::1: entered edit page for sheet5b1e1cd0 [] []
[2017-04-27 07:55:21] activity.INFO: User ::1 entered landing page [] []
[2017-04-27 07:55:29] activity.INFO: ::1: entered edit page for sheet5b1e1cd0 [] []
[2017-04-27 07:52:42] activity.INFO: User ::1 entered landing page [] []
[2017-04-27 07:52:48] activity.INFO: ::1: entered edit page for sheet565b2d7a [] []
